<?xml version="1.0" encoding="UTF-8"?>
<!-- Generated by org.testng.reporters.JUnitReportReporter -->
<testsuite skipped="0" hostname="DESKTOP-9VT6TEO" name="tweet.TwitterGET" tests="3" failures="0" timestamp="09 Jan 2018 04:54:32 GMT" time="6.592" errors="0">
  <testcase name="readTweet" time="0.801" classname="tweet.TwitterGET"/>
  <testcase name="postTweet" time="4.726" classname="tweet.TwitterGET"/>
  <testcase name="deleteTweet" time="1.065" classname="tweet.TwitterGET"/>
</testsuite> <!-- tweet.TwitterGET -->
