<?xml version="1.0" encoding="UTF-8"?>
<!-- Generated by org.testng.reporters.JUnitReportReporter -->
<testsuite skipped="0" hostname="DESKTOP-9VT6TEO" name="basic.PostBasic" tests="1" failures="0" timestamp="19 Dec 2017 04:41:49 GMT" time="2.542" errors="0">
  <testcase name="statusCodeVerificationPost" time="2.542" classname="basic.PostBasic"/>
</testsuite> <!-- basic.PostBasic -->
