<?xml version="1.0" encoding="UTF-8"?>
<!-- Generated by org.testng.reporters.JUnitReportReporter -->
<testsuite skipped="1" hostname="DESKTOP-9VT6TEO" name="assertEx.AssertExample" tests="2" failures="0" timestamp="12 Jan 2018 04:43:11 GMT" time="3.102" errors="0">
  <testcase name="testMethod1" time="3.102" classname="assertEx.AssertExample"/>
  <testcase name="testMethod" classname="assertEx.AssertExample">
    <skipped/>
  </testcase> <!-- testMethod -->
</testsuite> <!-- assertEx.AssertExample -->
