<?xml version="1.0" encoding="UTF-8"?>
<!-- Generated by org.testng.reporters.JUnitReportReporter -->
<testsuite skipped="0" hostname="DESKTOP-9VT6TEO" name="tweet.TwitterPost" tests="1" failures="0" timestamp="09 Jan 2018 04:03:40 GMT" time="3.966" errors="0">
  <testcase name="postTweet" time="3.966" classname="tweet.TwitterPost"/>
</testsuite> <!-- tweet.TwitterPost -->
