<?xml version="1.0" encoding="UTF-8"?>
<!-- Generated by org.testng.reporters.JUnitReportReporter -->
<testsuite skipped="0" hostname="DESKTOP-9VT6TEO" name="basic.GetRequestDemo" tests="1" failures="0" timestamp="19 Dec 2017 03:23:06 GMT" time="3.277" errors="0">
  <testcase name="bodyVerification" time="3.277" classname="basic.GetRequestDemo"/>
</testsuite> <!-- basic.GetRequestDemo -->
