<?xml version="1.0" encoding="UTF-8"?>
<!-- Generated by org.testng.reporters.JUnitReportReporter -->
<testsuite skipped="0" hostname="DESKTOP-9VT6TEO" name="tweet.RequestLogging" tests="1" failures="0" timestamp="10 Jan 2018 04:56:12 GMT" time="2.689" errors="0">
  <testcase name="testMethod" time="2.689" classname="tweet.RequestLogging"/>
</testsuite> <!-- tweet.RequestLogging -->
